<?xml version="1.0" encoding="UTF-8"?>
<testsuite xmlns:xsi="http://www.w3.org/2001/XMLSchema-instance" xsi:noNamespaceSchemaLocation="https://maven.apache.org/surefire/maven-surefire-plugin/xsd/surefire-test-report.xsd" name="io.javabrains.MathutilsTest" time="0.134" tests="8" errors="0" skipped="1" failures="0">
  <properties>
[...]
</properties>
  <testcase name="TDDTest" classname="io.javabrains.MathutilsTest" time="0">
    <skipped message="void io.javabrains.MathutilsTest.TDDTest() is @Disabled"/>
    <system-out><![CDATA[Cleaning !!!!!!!!!
]]></system-out>
  </testcase>
  <testcase name="testDivide" classname="io.javabrains.MathutilsTest" time="0.041"/>
  <testcase name="testMultiply" classname="io.javabrains.MathutilsTest" time="0.011"/>
  <testcase name="testComputeCirceArea[1]" classname="io.javabrains.MathutilsTest" time="0.003"/>
  <testcase name="testComputeCirceArea[2]" classname="io.javabrains.MathutilsTest" time="0.002"/>
  <testcase name="testComputeCirceArea[3]" classname="io.javabrains.MathutilsTest" time="0.003"/>
  <testcase name="testAddNegaive" classname="io.javabrains.MathutilsTest$Addnumbers" time="0.007"/>
  <testcase name="testAddPositive" classname="io.javabrains.MathutilsTest$Addnumbers" time="0.001"/>
</testsuite>